<?xml version="1.0" encoding="UTF-8"?>
<testsuite xmlns:xsi="http://www.w3.org/2001/XMLSchema-instance" xsi:noNamespaceSchemaLocation="https://maven.apache.org/surefire/maven-surefire-plugin/xsd/surefire-test-report.xsd" version="3.0.2" name="ir.co.zephyer.CalculatorSumTest" time="0.078" tests="4" errors="0" skipped="0" failures="0">
  <properties>
[...]
</properties>
  <testcase name="mappedToTestCaseNameAndPass" classname="ir.co.zephyer.CalculatorSumTest" time="0.005">
    <system-err><![CDATA[SLF4J: Class path contains multiple SLF4J bindings.
SLF4J: Found binding in [jar:file:/C:/Users/m_nakhjiri/.m2/repository/org/slf4j/slf4j-log4j12/1.7.25/slf4j-log4j12-1.7.25.jar!/org/slf4j/impl/StaticLoggerBinder.class]
SLF4J: Found binding in [jar:file:/C:/Users/m_nakhjiri/.m2/repository/org/slf4j/slf4j-simple/1.7.25/slf4j-simple-1.7.25.jar!/org/slf4j/impl/StaticLoggerBinder.class]
SLF4J: See http://www.slf4j.org/codes.html#multiple_bindings for an explanation.
SLF4J: Actual binding is of type [org.slf4j.impl.Log4jLoggerFactory]
]]></system-err>
  </testcase>
  <testcase name="notMappedToTestCaseAndPass" classname="ir.co.zephyer.CalculatorSumTest" time="0.001"/>
  <testcase name="sumTwoNumbersAndFail" classname="ir.co.zephyer.CalculatorSumTest" time="0.0"/>
  <testcase name="sumTwoNumbersAndPass" classname="ir.co.zephyer.CalculatorSumTest" time="0.002"/>
</testsuite>